<?xml version="1.0" encoding="UTF-8"?>
<!-- Generated by org.testng.reporters.JUnitReportReporter -->
<testsuite hostname="Sulagnas-MacBook-Air.local" failures="0" tests="1" name="com.weather.assignment.Weather.AutomationPracticeTest" time="28.781" errors="0" timestamp="2021-08-07T15:42:11 IST" skipped="0">
  <testcase classname="com.weather.assignment.Weather.AutomationPracticeTest" name="tempCompareTest" time="28.781"/>
  <system-out/>
</testsuite> <!-- com.weather.assignment.Weather.AutomationPracticeTest -->
