<?xml version="1.0" encoding="UTF-8"?>
<!-- Generated by org.testng.reporters.JUnitReportReporter -->
<testsuite hostname="Sulagnas-MacBook-Air.local" failures="0" tests="1" name="com.AutomationAsginmnt.Apps.AutomationPracticeTest" time="30.279" errors="0" timestamp="2021-08-07T15:54:41 IST" skipped="0">
  <testcase classname="com.AutomationAsginmnt.Apps.AutomationPracticeTest" name="testAutomationPracticeTest" time="30.279"/>
  <system-out/>
</testsuite> <!-- com.AutomationAsginmnt.Apps.AutomationPracticeTest -->
