<?xml version="1.0" encoding="UTF-8"?>
<!-- Generated by org.testng.reporters.JUnitReportReporter -->
<testsuite hostname="Sulagnas-MacBook-Air.local" failures="0" tests="1" name="com.AutomationAsginmnt.Apps.AutomationPracticeTest" time="43.480" errors="0" timestamp="2021-08-07T15:50:50 IST" skipped="0">
  <testcase classname="com.AutomationAsginmnt.Apps.AutomationPracticeTest" name="testAutomationPracticeTest" time="43.480"/>
  <system-out/>
</testsuite> <!-- com.AutomationAsginmnt.Apps.AutomationPracticeTest -->
